<?xml version="1.0" encoding="UTF-8"?>
<!-- Generated by org.testng.reporters.JUnitXMLReporter -->
<testsuite hostname="D20" ignored="0" tests="3" failures="3" timestamp="15 апр 2019 11:44:42 GMT" time="2.973" errors="0">
  <testcase name="createClientTest" time="2.575" classname="APIClientTest">
    <failure type="java.lang.ClassCastException" message="Cannot convert class java.lang.String to class Client.">
      <![CDATA[java.lang.ClassCastException: Cannot convert class java.lang.String to class Client.
at org.codehaus.groovy.runtime.callsite.ConstructorSite$ConstructorSiteNoUnwrapNoCoerce.callConstructor(ConstructorSite.java:105)
at org.codehaus.groovy.runtime.callsite.CallSiteArray.defaultCallConstructor(CallSiteArray.java:59)
at org.codehaus.groovy.runtime.callsite.AbstractCallSite.callConstructor(AbstractCallSite.java:238)
at org.codehaus.groovy.runtime.callsite.AbstractCallSite.callConstructor(AbstractCallSite.java:250)
at io.restassured.internal.path.ObjectConverter.convertObjectTo(ObjectConverter.groovy:54)
at io.restassured.path.json.JsonPath.getObject(JsonPath.java:552)
at APIClient.createClient(APIClient.java:51)
at APIClientTest.createClientTest(APIClientTest.java:21)
... Removed 39 stack frames]]>
    </failure>
  </testcase> <!-- createClientTest -->
  <testcase name="getClientByIdTest" time="0.001" classname="APIClientTest">
    <failure type="java.lang.NullPointerException">
      <![CDATA[java.lang.NullPointerException
at MongoConnector.getClientFromMongoById(MongoConnector.java:47)
at APIClientTest.getClientByIdTest(APIClientTest.java:38)
... Removed 34 stack frames]]>
    </failure>
  </testcase> <!-- getClientByIdTest -->
  <testcase name="updateClientTest" time="0.375" classname="APIClientTest">
    <failure type="java.lang.NullPointerException">
      <![CDATA[java.lang.NullPointerException
at MongoConnector.getClientFromMongoById(MongoConnector.java:47)
at APIClientTest.updateClientTest(APIClientTest.java:57)
... Removed 34 stack frames]]>
    </failure>
  </testcase> <!-- updateClientTest -->
</testsuite>
