-------------------------------------------------------------------------------
Test set: APIClientTest
-------------------------------------------------------------------------------
Tests run: 3, Failures: 3, Errors: 0, Skipped: 0, Time elapsed: 3.663 sec <<< FAILURE!
createClientTest(APIClientTest)  Time elapsed: 2.578 sec  <<< FAILURE!
java.lang.ClassCastException: Cannot convert class java.lang.String to class Client.
	at sun.reflect.NativeConstructorAccessorImpl.newInstance0(Native Method)
	at sun.reflect.NativeConstructorAccessorImpl.newInstance(NativeConstructorAccessorImpl.java:62)
	at sun.reflect.DelegatingConstructorAccessorImpl.newInstance(DelegatingConstructorAccessorImpl.java:45)
	at java.lang.reflect.Constructor.newInstance(Constructor.java:423)
	at org.codehaus.groovy.reflection.CachedConstructor.invoke(CachedConstructor.java:83)
	at org.codehaus.groovy.runtime.callsite.ConstructorSite$ConstructorSiteNoUnwrapNoCoerce.callConstructor(ConstructorSite.java:105)
	at org.codehaus.groovy.runtime.callsite.CallSiteArray.defaultCallConstructor(CallSiteArray.java:59)
	at org.codehaus.groovy.runtime.callsite.AbstractCallSite.callConstructor(AbstractCallSite.java:238)
	at org.codehaus.groovy.runtime.callsite.AbstractCallSite.callConstructor(AbstractCallSite.java:250)
	at io.restassured.internal.path.ObjectConverter.convertObjectTo(ObjectConverter.groovy:54)
	at io.restassured.path.json.JsonPath.getObject(JsonPath.java:552)
	at APIClient.createClient(APIClient.java:51)
	at APIClientTest.createClientTest(APIClientTest.java:21)

getClientByIdTest(APIClientTest)  Time elapsed: 0 sec  <<< FAILURE!
java.lang.NullPointerException
	at MongoConnector.getClientFromMongoById(MongoConnector.java:47)
	at APIClientTest.getClientByIdTest(APIClientTest.java:38)

updateClientTest(APIClientTest)  Time elapsed: 0.373 sec  <<< FAILURE!
java.lang.NullPointerException
	at MongoConnector.getClientFromMongoById(MongoConnector.java:47)
	at APIClientTest.updateClientTest(APIClientTest.java:57)

