<?xml version="1.0" encoding="UTF-8" ?>
<testsuite tests="3" failures="3" name="APIClientTest" time="2.951" errors="0" skipped="0">
  <properties>
[...]
</properties>
  <testcase classname="APIClientTest" name="createClientTest" time="2.578">
    <failure message="Cannot convert class java.lang.String to class Client." type="java.lang.ClassCastException">java.lang.ClassCastException: Cannot convert class java.lang.String to class Client.
	at sun.reflect.NativeConstructorAccessorImpl.newInstance0(Native Method)
	at sun.reflect.NativeConstructorAccessorImpl.newInstance(NativeConstructorAccessorImpl.java:62)
	at sun.reflect.DelegatingConstructorAccessorImpl.newInstance(DelegatingConstructorAccessorImpl.java:45)
	at java.lang.reflect.Constructor.newInstance(Constructor.java:423)
	at org.codehaus.groovy.reflection.CachedConstructor.invoke(CachedConstructor.java:83)
	at org.codehaus.groovy.runtime.callsite.ConstructorSite$ConstructorSiteNoUnwrapNoCoerce.callConstructor(ConstructorSite.java:105)
	at org.codehaus.groovy.runtime.callsite.CallSiteArray.defaultCallConstructor(CallSiteArray.java:59)
	at org.codehaus.groovy.runtime.callsite.AbstractCallSite.callConstructor(AbstractCallSite.java:238)
	at org.codehaus.groovy.runtime.callsite.AbstractCallSite.callConstructor(AbstractCallSite.java:250)
	at io.restassured.internal.path.ObjectConverter.convertObjectTo(ObjectConverter.groovy:54)
	at io.restassured.path.json.JsonPath.getObject(JsonPath.java:552)
	at APIClient.createClient(APIClient.java:51)
	at APIClientTest.createClientTest(APIClientTest.java:21)
</failure>
    <system-out>Configuring TestNG with: org.apache.maven.surefire.testng.conf.TestNG652Configurator@6d9c638
</system-out>
  </testcase>
  <testcase classname="APIClientTest" name="getClientByIdTest" time="0">
    <failure type="java.lang.NullPointerException">java.lang.NullPointerException
	at MongoConnector.getClientFromMongoById(MongoConnector.java:47)
	at APIClientTest.getClientByIdTest(APIClientTest.java:38)
</failure>
  </testcase>
  <testcase classname="APIClientTest" name="updateClientTest" time="0.373">
    <failure type="java.lang.NullPointerException">java.lang.NullPointerException
	at MongoConnector.getClientFromMongoById(MongoConnector.java:47)
	at APIClientTest.updateClientTest(APIClientTest.java:57)
</failure>
    <system-out>Something went wrong...
</system-out>
  </testcase>
</testsuite>